2024-08-07 05:29:45,938 - INFO - No save locations found: 横扫天下之万年强者
2024-08-07 05:29:46,017 - INFO - No save locations found: 橙天の銀翼 ～スカイランドの魔女と巫女～
2024-08-07 05:29:46,095 - INFO - No save locations found: 欢乐逗病毒TD
2024-08-07 05:29:46,189 - INFO - No save locations found: 武儒绘卷 - 九五至尊
2024-08-07 05:29:46,267 - INFO - No save locations found: 武儒绘卷 - 启示录
2024-08-07 05:29:46,345 - INFO - No save locations found: 武道将魂
2024-08-07 05:29:46,424 - INFO - No save locations found: 武道戰姬 - 女僕(武道戦姫 - メイド / Budo Girl War - Maid)
2024-08-07 05:29:46,517 - INFO - No save locations found: 汉末求生
2024-08-07 05:29:46,595 - INFO - No save locations found: 江湖余生
2024-08-07 05:29:46,658 - INFO - No save locations found: 江湖侠客令
2024-08-07 05:29:46,751 - INFO - No save locations found: 江湖侠客行
2024-08-07 05:29:46,830 - INFO - No save locations found: 江湖求生 Ganghood Survival
2024-08-07 05:29:46,908 - INFO - No save locations found: 沉浮（Sea of Craft）
2024-08-07 05:29:46,986 - INFO - No save locations found: 沉睡的法则
2024-08-07 05:29:47,080 - INFO - No save locations found: 沙巴克传奇
2024-08-07 05:29:47,252 - INFO - No save locations found: 沙雕之路
2024-08-07 05:29:47,361 - INFO - No save locations found: 没猫病制作人 / Psychosoft Ltd.
2024-08-07 05:29:47,455 - INFO - No save locations found: 活下去
2024-08-07 05:29:47,533 - INFO - No save locations found: 流氓读大学 liumang dudaxue
2024-08-07 05:29:47,611 - INFO - No save locations found: 浮世万千之前世今生
2024-08-07 05:29:47,689 - INFO - No save locations found: 浴血战魂
2024-08-07 05:29:47,783 - INFO - No save locations found: 海底寻宝
2024-08-07 05:29:47,861 - INFO - No save locations found: 涅槃之路
2024-08-07 05:29:47,939 - INFO - No save locations found: 消灭魔王军 Destroy the demon army
2024-08-07 05:29:48,018 - INFO - No save locations found: 深海 DEEPSEA
2024-08-07 05:29:48,096 - INFO - No save locations found: 深淵の探索者
2024-08-07 05:29:48,174 - INFO - No save locations found: 混乱使者(Chaos Maker)
2024-08-07 05:29:48,330 - INFO - No save locations found: 游物语 Travel story
2024-08-07 05:29:48,393 - INFO - No save locations found: 游离大陆 - Uniland
2024-08-07 05:29:48,487 - INFO - No save locations found: 溪风谷之战(roguelike moba game)
2024-08-07 05:29:48,565 - INFO - No save locations found: 漫步者 The Walker
2024-08-07 05:29:48,643 - INFO - No save locations found: 火柴人联盟2
2024-08-07 05:29:48,706 - INFO - No save locations found: 灭神
2024-08-07 05:29:48,784 - INFO - No save locations found: 灵幻先生 : 致敬一代僵尸道长！
2024-08-07 05:29:48,847 - INFO - No save locations found: 灵文西游
2024-08-07 05:29:48,940 - INFO - No save locations found: 灵界 Sprites（测试版）
2024-08-07 05:29:49,019 - INFO - No save locations found: 炎黄战纪之三国烽烟
2024-08-07 05:29:49,081 - INFO - No save locations found: 炼妖记
2024-08-07 05:29:49,159 - INFO - No save locations found: 烈焰战纪
2024-08-07 05:29:49,237 - INFO - No save locations found: 热血沙城
2024-08-07 05:29:49,316 - INFO - No save locations found: 烽火大秦
2024-08-07 05:29:49,394 - INFO - No save locations found: 狐の旅路
2024-08-07 05:29:49,550 - INFO - No save locations found: 狼人杀单机版
2024-08-07 05:29:49,628 - INFO - No save locations found: 猎魔者战纪
2024-08-07 05:29:49,691 - INFO - No save locations found: 猥琐吧！后宫佣兵团
2024-08-07 05:29:49,769 - INFO - No save locations found: 玄尘仙途
2024-08-07 05:29:49,847 - INFO - No save locations found: 王国出击
2024-08-07 05:29:49,925 - INFO - No save locations found: 王国幻境 fantastic kingdom
2024-08-07 05:29:49,988 - INFO - No save locations found: 王牌舰长
2024-08-07 05:29:50,066 - INFO - No save locations found: 王者战车
2024-08-07 05:29:50,066 - INFO - Finding game installation folders...
2024-08-07 05:29:50,066 - INFO - Continue parameter: {'cmcontinue': 'page|e78e8be88085e88bb1e99b8420544845204752454154204845524f|113922', 'continue': '-||'}
2024-08-07 05:29:50,222 - INFO - No save locations found: 王者英雄 The Great Hero
2024-08-07 05:29:50,284 - INFO - No save locations found: 生物大冒险
2024-08-07 05:29:50,363 - INFO - No save locations found: 生物知识格斗大赛
2024-08-07 05:29:50,441 - INFO - No save locations found: 电筒侠
2024-08-07 05:29:50,534 - INFO - No save locations found: 画江湖之杯莫停
2024-08-07 05:29:50,613 - INFO - No save locations found: 疑犯寻踪 In Pursuit
2024-08-07 05:29:50,706 - INFO - No save locations found: 疯狂的坦克
2024-08-07 05:29:50,784 - INFO - No save locations found: 病毒恶化
2024-08-07 05:29:50,863 - INFO - No save locations found: 白石洲往事
2024-08-07 05:29:50,956 - INFO - No save locations found: 百花三国志(Banner of the THREE KINGDOMS)
2024-08-07 05:29:51,035 - INFO - No save locations found: 皓月空华
2024-08-07 05:29:51,160 - INFO - No save locations found: 盛世传奇
2024-08-07 05:29:51,238 - INFO - No save locations found: 看不见的爱
2024-08-07 05:29:51,331 - INFO - No save locations found: 真龙主宰
2024-08-07 05:29:51,425 - INFO - No save locations found: 瞳：祈愿 VR / Pupil: Wandering VR
2024-08-07 05:29:51,504 - INFO - No save locations found: 破碎法术
2024-08-07 05:29:51,597 - INFO - No save locations found: 碧落传说
2024-08-07 05:29:51,675 - INFO - No save locations found: 礎の楯 -AEGIS-
2024-08-07 05:29:51,754 - INFO - No save locations found: 社稷终于幻想 ~ A Finality with Sheji
2024-08-07 05:29:51,847 - INFO - No save locations found: 祈風 Inorikaze
2024-08-07 05:29:51,925 - INFO - No save locations found: 祛魅·入灭（祛魅2） - Disenchantment Nirvana
2024-08-07 05:29:52,004 - INFO - No save locations found: 祛魅·教化（祛魅1）
2024-08-07 05:29:52,082 - INFO - No save locations found: 神仙名单
2024-08-07 05:29:52,160 - INFO - No save locations found: 神国：创造
2024-08-07 05:29:52,238 - INFO - No save locations found: 神戒
2024-08-07 05:29:52,316 - INFO - No save locations found: 神明在上
2024-08-07 05:29:52,395 - INFO - No save locations found: 神枪少女
2024-08-07 05:29:52,473 - INFO - No save locations found: 神谋
2024-08-07 05:29:52,551 - INFO - No save locations found: 神马江湖
2024-08-07 05:29:52,629 - INFO - No save locations found: 祭壇の花/Saidan no Hana
2024-08-07 05:29:52,707 - INFO - No save locations found: 符文女孩/Rune Girl
2024-08-07 05:29:52,785 - INFO - No save locations found: 第四空间Fourth Space
2024-08-07 05:29:52,879 - INFO - No save locations found: 答题英雄--细胞生物学
2024-08-07 05:29:52,957 - INFO - No save locations found: 篮球计划 Project Dunk
2024-08-07 05:29:53,036 - INFO - No save locations found: 糖果店物语
2024-08-07 05:29:53,114 - INFO - No save locations found: 红魔事件簿 The Note of Red Evil
2024-08-07 05:29:53,254 - INFO - No save locations found: 约会世界~The dating world
2024-08-07 05:29:53,332 - INFO - No save locations found: 约拍女神 Private Model
2024-08-07 05:29:53,411 - INFO - No save locations found: 纸人：第一章 Paper Dolls Original
2024-08-07 05:29:53,489 - INFO - No save locations found: 纸片人3D
2024-08-07 05:29:53,582 - INFO - No save locations found: 细胞战争
2024-08-07 05:29:53,661 - INFO - No save locations found: 绝望监牢 / 絶望プリズン
2024-08-07 05:29:53,739 - INFO - No save locations found: 绮罗四时谭
2024-08-07 05:29:53,817 - INFO - No save locations found: 罪業狂襲FrenzyRetribution
2024-08-07 05:29:53,895 - INFO - No save locations found: 罪的第七章
2024-08-07 05:29:53,980 - INFO - No save locations found: 美丽新世界i Brave New World i
2024-08-07 05:29:54,058 - INFO - No save locations found: 美少女夏日欢乐!
2024-08-07 05:29:54,152 - INFO - No save locations found: 美少女麻将接龙
2024-08-07 05:29:54,214 - INFO - No save locations found: 翔的堕落人生
2024-08-07 05:29:54,386 - INFO - No save locations found: 老板攻略
2024-08-07 05:29:54,386 - INFO - Finding game installation folders...
2024-08-07 05:29:54,386 - INFO - Continue parameter: {'cmcontinue': 'page|e88081e8998ee6b8b8e6888f|121771', 'continue': '-||'}
2024-08-07 05:29:54,511 - INFO - No save locations found: 老虎游戏
2024-08-07 05:29:54,589 - INFO - No save locations found: 聖剣レイヴランシル物語
2024-08-07 05:29:54,667 - INFO - No save locations found: 肥啾大冒险
2024-08-07 05:29:54,745 - INFO - No save locations found: 肥肥大作战 fat battle
2024-08-07 05:29:54,808 - INFO - No save locations found: 胜利即正义! / Victory is justice！
2024-08-07 05:29:54,902 - INFO - No save locations found: 腾起之蛇
2024-08-07 05:29:54,980 - INFO - No save locations found: 艾恩洛亚：炼金起源之章
2024-08-07 05:29:55,058 - INFO - No save locations found: 苍夜
2024-08-07 05:29:55,121 - INFO - No save locations found: 英语杀
2024-08-07 05:29:55,199 - INFO - No save locations found: 英雄群侠传
2024-08-07 05:29:55,308 - INFO - No save locations found: 英雄群侠传II
2024-08-07 05:29:55,402 - INFO - No save locations found: 茉莉之夏 Jasmine Summer
2024-08-07 05:29:55,558 - INFO - No save locations found: 荒岛求生
2024-08-07 05:29:55,636 - INFO - No save locations found: 荒漠求生
2024-08-07 05:29:55,714 - INFO - No save locations found: 荒野大蛮神
2024-08-07 05:29:55,793 - INFO - No save locations found: 荒野寻踪
2024-08-07 05:29:55,871 - INFO - No save locations found: 莫比乌斯之环-不属于任何人的交响悲歌-MOBIUS & ELEGY BELONGS TO NOBODY
2024-08-07 05:29:55,980 - INFO - No save locations found: 萌娘战记
2024-08-07 05:29:56,058 - INFO - No save locations found: 落华居
2024-08-07 05:29:56,136 - INFO - No save locations found: 落尘之域
2024-08-07 05:29:56,230 - INFO - No save locations found: 蓝宝石般的被害妄想少女
2024-08-07 05:29:56,308 - INFO - No save locations found: 蔚蓝月下
2024-08-07 05:29:56,386 - INFO - No save locations found: 血腥之日228-Vampire Martina-Bloody Day 2.28
2024-08-07 05:29:56,465 - INFO - No save locations found: 行界：遗 WENT:OneAlive
2024-08-07 05:29:56,543 - INFO - No save locations found: 街头英雄
2024-08-07 05:29:56,621 - INFO - No save locations found: 街机之三国戰記
2024-08-07 05:29:56,699 - INFO - No save locations found: 被虫娘养育着繁殖后代
2024-08-07 05:29:56,777 - INFO - No save locations found: 裁決者 -The White Butcher-
2024-08-07 05:29:56,855 - INFO - No save locations found: 覇県を握れ ～47都道府県大戦～
2024-08-07 05:29:56,934 - INFO - No save locations found: 觅长生
2024-08-07 05:29:57,043 - INFO - No save locations found: 记忆重构/Memories
2024-08-07 05:29:57,121 - INFO - No save locations found: 记忆重现/Rememory
2024-08-07 05:29:57,215 - INFO - No save locations found: 诛神乾坤
2024-08-07 05:29:57,309 - INFO - No save locations found: 请给我你的胖次，让我拯救世界
2024-08-07 05:29:57,371 - INFO - No save locations found: 贤者挽歌之马略卡协奏曲
2024-08-07 05:29:57,465 - INFO - No save locations found: 败家仔 Last Wish
2024-08-07 05:29:57,543 - INFO - No save locations found: 赫炎的印加诺克 Fullvoice ReBORN
2024-08-07 05:29:57,621 - INFO - No save locations found: 超级机甲战争OL
2024-08-07 05:29:57,700 - INFO - No save locations found: 超音神樂《七音圖騰篇》- UltraKagura -
2024-08-07 05:29:57,778 - INFO - No save locations found: 跳跳大咖
2024-08-07 05:29:57,856 - INFO - No save locations found: 轻梦谭 - 瓮之篇 -
2024-08-07 05:29:57,996 - INFO - No save locations found: 辣条杂货店:回到1997，我当小商贩
2024-08-07 05:29:58,090 - INFO - No save locations found: 迷宫战争(Maze Wars)
2024-08-07 05:29:58,200 - INFO - No save locations found: 迷雾 The Mist
2024-08-07 05:29:58,293 - INFO - No save locations found: 退休模拟器
2024-08-07 05:29:58,387 - INFO - No save locations found: 退廃思考
2024-08-07 05:29:58,465 - INFO - No save locations found: 逃離地獄邊緣 - Escape from the cursed convent
2024-08-07 05:29:58,528 - INFO - No save locations found: 逍遥修真
2024-08-07 05:29:58,606 - INFO - No save locations found: 逍遥游
2024-08-07 05:29:58,700 - INFO - No save locations found: 逝去的回忆3：四叶草之梦
2024-08-07 05:29:58,700 - INFO - Finding game installation folders...
2024-08-07 05:29:58,700 - INFO - Continue parameter: {'cmcontinue': 'page|e981a0e58fa4e5a4a7e999b8e5a496e582b32de58fa4e98193e79a84e79ba1e9a0ad|151573', 'continue': '-||'}
2024-08-07 05:29:58,841 - INFO - No save locations found: 遠古大陸外傳-古道的盡頭
2024-08-07 05:29:58,934 - INFO - No save locations found: 那美克星人
2024-08-07 05:29:59,028 - INFO - No save locations found: 邻居大叔/UncleNeighbor:uncle Dating Simulator
2024-08-07 05:29:59,106 - INFO - No save locations found: 部落与弯刀
2024-08-07 05:29:59,169 - INFO - No save locations found: 都市恐怖故事
2024-08-07 05:29:59,231 - INFO - No save locations found: 酒店
2024-08-07 05:29:59,309 - INFO - No save locations found: 酒店二 The Hotel 2
2024-08-07 05:29:59,388 - INFO - No save locations found: 酔いどれクイズshow 標鍛
2024-08-07 05:29:59,466 - INFO - No save locations found: 重生轮回/Reborn Not Again
2024-08-07 05:29:59,544 - INFO - No save locations found: 长天 Long Sky
2024-08-07 05:29:59,606 - INFO - No save locations found: 长歌行
2024-08-07 05:29:59,684 - INFO - No save locations found: 閃電對決Lightning Wings II
2024-08-07 05:29:59,778 - INFO - No save locations found: 阿比斯的宝藏Treasure of abyss
2024-08-07 05:29:59,872 - INFO - No save locations found: 阿津
2024-08-07 05:29:59,950 - INFO - No save locations found: 阿达三国志2018
2024-08-07 05:30:00,029 - INFO - No save locations found: 陆大迹神Ⅱ
2024-08-07 05:30:00,106 - INFO - No save locations found: 隐-Stealth
2024-08-07 05:30:00,200 - INFO - No save locations found: 雀姬
2024-08-07 05:30:00,356 - INFO - No save locations found: 雪·疑
2024-08-07 05:30:00,435 - INFO - No save locations found: 雪策边境
2024-08-07 05:30:00,528 - INFO - No save locations found: 雪鹰领主
2024-08-07 05:30:00,638 - INFO - No save locations found: 零下记忆
2024-08-07 05:30:00,747 - INFO - No save locations found: 零怨 The curse of the deab
2024-08-07 05:30:00,903 - INFO - No save locations found: 零界战线
2024-08-07 05:30:00,982 - INFO - No save locations found: 霎时晴荫
2024-08-07 05:30:01,075 - INFO - No save locations found: 青岚血枫
2024-08-07 05:30:01,169 - INFO - No save locations found: 青蛙跳模拟器
2024-08-07 05:30:01,310 - INFO - No save locations found: 非一般职场
2024-08-07 05:30:01,425 - INFO - No save locations found: 顶酱
2024-08-07 05:30:01,641 - INFO - No save locations found: 风信楼
2024-08-07 05:30:01,984 - INFO - No save locations found: 风暴岛
2024-08-07 05:30:02,407 - INFO - No save locations found: 风流刀客
2024-08-07 05:30:02,766 - INFO - No save locations found: 香山31号
2024-08-07 05:30:02,985 - INFO - No save locations found: 香江之龙，Dragon of Hongkong
2024-08-07 05:30:03,158 - INFO - No save locations found: 骑士与魔法战争
2024-08-07 05:30:03,314 - INFO - No save locations found: 骰子勇士 Dice Warrior
2024-08-07 05:30:03,454 - INFO - No save locations found: 高考工厂模拟(Crazy School Simulator)
2024-08-07 05:30:03,579 - INFO - No save locations found: 高能小队 Superpower Squad
2024-08-07 05:30:03,689 - INFO - No save locations found: 鬼山
2024-08-07 05:30:03,829 - INFO - No save locations found: 鬼畜大冒险 Gui Chu Da Mao Xian
2024-08-07 05:30:03,939 - INFO - No save locations found: 魔塔2018
2024-08-07 05:30:04,080 - INFO - No save locations found: 魔物娘物语
2024-08-07 05:30:04,205 - INFO - No save locations found: 魔物讨伐团
2024-08-07 05:30:04,455 - INFO - No save locations found: 魔装術師アカネ
2024-08-07 05:30:04,611 - INFO - No save locations found: 鸿门一宴(Malicious Dinner) 中英
2024-08-07 05:30:04,705 - INFO - No save locations found: 麻神消消乐
2024-08-07 05:30:04,814 - INFO - No save locations found: 黎明霞光
2024-08-07 05:30:04,955 - INFO - No save locations found: 黑暗料理?!
2024-08-07 05:30:05,064 - INFO - No save locations found: 누가 그녀를 죽였나
2024-08-07 05:30:05,174 - INFO - No save locations found: 무연
2024-08-07 05:30:05,174 - INFO - Finding game installation folders...
2024-08-07 05:30:05,174 - INFO - Continue parameter: {'cmcontinue': 'page|ec9594eca0843a424c41434b4f5554|129985', 'continue': '-||'}
2024-08-07 05:30:05,408 - INFO - No save locations found: 암전:Blackout
2024-08-07 05:30:05,518 - INFO - No save locations found: ＜/reality＞
2024-08-07 05:30:05,611 - INFO - No save locations found: Category:Free-to-play
2024-08-07 05:30:05,721 - INFO - No save locations found: Category:Game prototypes
2024-08-07 05:30:05,830 - INFO - No save locations found: Category:Games in development
2024-08-07 05:30:05,939 - INFO - No save locations found: Category:Local multiplayer games
2024-08-07 05:30:06,018 - INFO - No save locations found: Category:Non-updated early access games
2024-08-07 05:30:06,143 - INFO - No save locations found: Category:Released games under active development
2024-08-07 05:30:06,221 - INFO - No save locations found: Category:Unplayable games
2024-08-07 05:30:06,377 - INFO - No save locations found: Category:VR games
2024-08-07 05:30:06,377 - INFO - Finding game installation folders...
2024-08-07 05:30:06,377 - INFO - All games fetched!
2024-08-07 05:30:06,440 - INFO - Finding game installation folders...
2024-08-07 05:30:06,440 - INFO - All games fetched!
