2024-11-17 00:43:23,361 - INFO - Total game translations fetched: 1115
2024-11-17 00:43:25,386 - INFO - Added 0 new game translations
2024-11-17 00:43:25,387 - INFO - Fetching recent changes from 2024-11-15 01:24:51.612424 to 2024-11-17 00:43:25.387488
2024-11-17 00:43:26,006 - INFO - 1. Saved in database: Project Borealis: Prologue
2024-11-17 00:43:26,233 - INFO - Found zh_CN for The Forever Winter: 永恒寒冬
2024-11-17 00:43:26,241 - INFO - 2. Saved in database: The Forever Winter
2024-11-17 00:43:26,602 - INFO - Found zh_CN for Rollerdrome: 酷极轮滑
2024-11-17 00:43:26,609 - INFO - 3. Saved in database: Rollerdrome
2024-11-17 00:43:26,892 - INFO - 4. Saved in database: Lego Horizon Adventures
2024-11-17 00:43:27,095 - INFO - Found zh_CN for Dead Rising: 丧尸围城
2024-11-17 00:43:27,112 - INFO - 5. Saved in database: Dead Rising
2024-11-17 00:43:27,399 - INFO - 6. Saved in database: OpenArena
2024-11-17 00:43:27,610 - INFO - Found zh_CN for Dragon Quest III HD-2D Remake: 勇者斗恶龙3 HD-2D重制
2024-11-17 00:43:27,618 - INFO - 7. Saved in database: Dragon Quest III HD-2D Remake
2024-11-17 00:43:27,953 - INFO - 8. Saved in database: Rayman 3: Hoodlum Havoc
2024-11-17 00:43:28,276 - INFO - No save locations found: UPK Explorer
2024-11-17 00:43:28,604 - INFO - 9. Saved in database: Brickadia
2024-11-17 00:43:28,874 - INFO - Found zh_CN for Rayman 2: The Great Escape: 雷曼2：胜利大逃亡
2024-11-17 00:43:28,882 - INFO - 10. Saved in database: Rayman 2: The Great Escape
2024-11-17 00:43:29,160 - INFO - Found zh_CN for Call of Duty: Black Ops III: 使命召唤12：黑色行动3
2024-11-17 00:43:29,168 - INFO - 11. Saved in database: Call of Duty: Black Ops III
2024-11-17 00:43:29,384 - INFO - No save locations found: Gregory Horror Show: Soul of Roses
2024-11-17 00:43:29,744 - INFO - Found zh_CN for Tiny Tina's Wonderlands: 小缇娜的奇幻之地
2024-11-17 00:43:29,751 - INFO - 12. Saved in database: Tiny Tina's Wonderlands
2024-11-17 00:43:30,262 - INFO - 13. Saved in database: Bzzzt
2024-11-17 00:43:30,544 - INFO - Found zh_CN for Payday 3: 收获日3
2024-11-17 00:43:30,566 - INFO - 14. Saved in database: Payday 3
2024-11-17 00:43:31,093 - INFO - 15. Saved in database: Grand Theft Auto: San Andreas – The Definitive Edition
2024-11-17 00:43:31,393 - INFO - Found zh_CN for Grand Theft Auto: Vice City – The Definitive Edition: 侠盗猎车：罪恶都市
2024-11-17 00:43:31,412 - INFO - 16. Saved in database: Grand Theft Auto: Vice City – The Definitive Edition
2024-11-17 00:43:31,723 - INFO - Found zh_CN for Grand Theft Auto III – The Definitive Edition: 侠盗猎车3：决定版
2024-11-17 00:43:31,742 - INFO - 17. Saved in database: Grand Theft Auto III – The Definitive Edition
2024-11-17 00:43:32,047 - INFO - 18. Saved in database: Sonic 3 & Knuckles
2024-11-17 00:43:32,259 - INFO - No save locations found: Onigiri
2024-11-17 00:43:32,510 - INFO - Found zh_CN for Nine Sols: 九日
2024-11-17 00:43:32,522 - INFO - 19. Saved in database: Nine Sols
2024-11-17 00:43:32,812 - INFO - Found zh_CN for Mini Ninjas: 迷你忍者
2024-11-17 00:43:32,821 - INFO - 20. Saved in database: Mini Ninjas
2024-11-17 00:43:33,017 - INFO - Found zh_CN for Dragon Quest X: 勇者斗恶龙X
2024-11-17 00:43:33,025 - INFO - 21. Saved in database: Dragon Quest X
2024-11-17 00:43:33,208 - INFO - No save locations found: Monster Hunter Wilds
2024-11-17 00:43:33,390 - INFO - No save locations found: List of games that support Dolby Atmos
2024-11-17 00:43:33,698 - INFO - 22. Saved in database: God of War Ragnarök
2024-11-17 00:43:34,085 - INFO - Found zh_CN for Shadows of Doubt: 凶影疑云
2024-11-17 00:43:34,092 - INFO - 23. Saved in database: Shadows of Doubt
2024-11-17 00:43:34,307 - INFO - Found zh_CN for Door Kickers: Action Squad: 破门而入 行动小队
2024-11-17 00:43:34,314 - INFO - 24. Saved in database: Door Kickers: Action Squad
2024-11-17 00:43:34,659 - INFO - 25. Saved in database: The First Descendant
2024-11-17 00:43:34,912 - INFO - Found zh_CN for Wanted Guns: 通缉枪手
2024-11-17 00:43:34,919 - INFO - 26. Saved in database: Wanted Guns
2024-11-17 00:43:35,918 - INFO - 27. Saved in database: Northern Journey
2024-11-17 00:43:36,102 - INFO - No save locations found: List of PC games with features removed compared to their console versions
2024-11-17 00:43:36,102 - INFO - Finding game installation folders...
2024-11-17 00:43:43,102 - INFO - Found installation folder for steam_id 2215490
2024-11-17 00:43:43,112 - INFO - Found installation folder for steam_id 2828860
2024-11-17 00:43:43,127 - INFO - Found installation folder for steam_id 1294420
2024-11-17 00:43:43,140 - INFO - Found installation folder for steam_id 2428810
2024-11-17 00:43:43,152 - INFO - Found installation folder for steam_id 427190
2024-11-17 00:43:43,163 - INFO - Found installation folder for steam_id 2701660
2024-11-17 00:43:43,173 - INFO - Found installation folder for steam_id 15060
2024-11-17 00:43:43,184 - INFO - Found installation folder for steam_id 311210
2024-11-17 00:43:43,193 - INFO - Found installation folder for steam_id 1286680
2024-11-17 00:43:43,202 - INFO - Found installation folder for steam_id 1293170
2024-11-17 00:43:43,211 - INFO - Found installation folder for steam_id 1272080
2024-11-17 00:43:43,220 - INFO - Found installation folder for steam_id 1547000
2024-11-17 00:43:43,228 - INFO - Found installation folder for steam_id 1546990
2024-11-17 00:43:43,238 - INFO - Found installation folder for steam_id 1546970
2024-11-17 00:43:43,246 - INFO - Found installation folder for steam_id 1809540
2024-11-17 00:43:43,254 - INFO - Found installation folder for steam_id 35000
2024-11-17 00:43:43,263 - INFO - Found installation folder for steam_id 2322010
2024-11-17 00:43:43,271 - INFO - Found installation folder for steam_id 986130
2024-11-17 00:43:43,279 - INFO - Found installation folder for steam_id 686200
2024-11-17 00:43:43,287 - INFO - Found installation folder for steam_id 2074920
2024-11-17 00:43:43,296 - INFO - Found installation folder for steam_id 2462260
2024-11-17 00:43:43,304 - INFO - Found installation folder for steam_id 1639790
2024-11-17 00:43:43,304 - INFO - Continue parameter: {'rccontinue': '20241115143332|1902743', 'continue': '-||'}
2024-11-17 00:43:43,763 - INFO - Found zh_CN for Snakebird: 蛇鸟
2024-11-17 00:43:43,772 - INFO - 28. Saved in database: Snakebird
2024-11-17 00:43:43,956 - INFO - No save locations found: Adrenalin: Extreme Show
2024-11-17 00:43:44,260 - INFO - Found zh_CN for Scrapland Remastered: 废弃之地：复刻版
2024-11-17 00:43:44,269 - INFO - 29. Saved in database: Scrapland Remastered
2024-11-17 00:43:44,457 - INFO - No save locations found: The Adventures of Square
2024-11-17 00:43:44,794 - INFO - 30. Saved in database: Beyblade X: Xone
2024-11-17 00:43:45,103 - INFO - Found zh_CN for Ultimate Chicken Horse: 超级鸡马
2024-11-17 00:43:45,110 - INFO - 31. Saved in database: Ultimate Chicken Horse
2024-11-17 00:43:45,417 - INFO - 32. Saved in database: WEBFISHING
2024-11-17 00:43:45,636 - INFO - No save locations found: Aw Nutz
2024-11-17 00:43:45,936 - INFO - Found zh_CN for Ultimate Spider-Man: 终极蜘蛛侠
2024-11-17 00:43:45,943 - INFO - 33. Saved in database: Ultimate Spider-Man
2024-11-17 00:43:46,236 - INFO - 34. Saved in database: The Witcher
2024-11-17 00:43:46,456 - INFO - Found zh_CN for Prince of Persia 3D: 波斯王子3D
2024-11-17 00:43:46,463 - INFO - 35. Saved in database: Prince of Persia 3D
2024-11-17 00:43:46,733 - INFO - Found zh_CN for Tomb Raider: Legend: 古墓丽影：传奇
2024-11-17 00:43:46,740 - INFO - 36. Saved in database: Tomb Raider: Legend
2024-11-17 00:43:47,046 - INFO - Found zh_CN for Tomb Raider I-III Remastered: 古墓丽影123：复刻版
2024-11-17 00:43:47,053 - INFO - 37. Saved in database: Tomb Raider I-III Remastered
2024-11-17 00:43:47,302 - INFO - Found zh_CN for Tomb Raider: Anniversary: 古墓丽影十周年纪念版
2024-11-17 00:43:47,309 - INFO - 38. Saved in database: Tomb Raider: Anniversary
2024-11-17 00:43:47,482 - INFO - Found zh_CN for City Car Driving: 城市汽车驾驶
2024-11-17 00:43:47,489 - INFO - 39. Saved in database: City Car Driving
2024-11-17 00:43:47,642 - INFO - No save locations found: Diner Dash: Flo Through Time
2024-11-17 00:43:47,812 - INFO - No save locations found: Atrocity
2024-11-17 00:43:47,972 - INFO - No save locations found: Canadian Robot Racing League
2024-11-17 00:43:48,281 - INFO - 40. Saved in database: Anger Foot
2024-11-17 00:43:48,439 - INFO - No save locations found: Autumn
2024-11-17 00:43:49,158 - INFO - No save locations found: Autumn Dream
2024-11-17 00:43:49,910 - INFO - No save locations found: Hunter of Antiques
2024-11-17 00:43:49,910 - INFO - Finding game installation folders...
2024-11-17 00:43:52,494 - INFO - Found installation folder for steam_id 357300
2024-11-17 00:43:52,502 - INFO - Found installation folder for steam_id 897610
2024-11-17 00:43:52,510 - INFO - Found installation folder for steam_id 3023070
2024-11-17 00:43:52,518 - INFO - Found installation folder for steam_id 386940
2024-11-17 00:43:52,527 - INFO - Found installation folder for steam_id 3146520
2024-11-17 00:43:52,536 - INFO - Found installation folder for steam_id 20900
2024-11-17 00:43:52,545 - INFO - Found installation folder for steam_id 7000
2024-11-17 00:43:52,554 - INFO - Found installation folder for steam_id 2478970
2024-11-17 00:43:52,562 - INFO - Found installation folder for steam_id 8000
2024-11-17 00:43:52,570 - INFO - Found installation folder for steam_id 493490
2024-11-17 00:43:52,579 - INFO - Found installation folder for steam_id 1978590
2024-11-17 00:43:52,579 - INFO - Continue parameter: {'rccontinue': '20241115191204|1902801', 'continue': '-||'}
2024-11-17 00:43:52,930 - INFO - No save locations found: Cage of the Succubi
2024-11-17 00:43:54,334 - INFO - No save locations found: 1812: The Invasion of Canada
2024-11-17 00:43:54,600 - INFO - Found zh_CN for Life Is Strange Remastered: 奇异人生：重制版
2024-11-17 00:43:54,608 - INFO - 41. Saved in database: Life Is Strange Remastered
2024-11-17 00:43:54,812 - INFO - No save locations found: Atulos Online
2024-11-17 00:43:56,624 - INFO - Found zh_CN for Read Only Memories: Neurodiver: 存储大战：NEURODIVER
2024-11-17 00:43:56,632 - INFO - 42. Saved in database: Read Only Memories: Neurodiver
2024-11-17 00:43:56,897 - INFO - No save locations found: 3 GEEKS
2024-11-17 00:43:58,244 - INFO - 43. Saved in database: A Tale of Two Kingdoms
2024-11-17 00:43:58,662 - INFO - Found zh_CN for The Callisto Protocol: 木卫四协议
2024-11-17 00:43:58,679 - INFO - 44. Saved in database: The Callisto Protocol
2024-11-17 00:43:58,850 - INFO - No save locations found: Canine
2024-11-17 00:43:59,027 - INFO - Found zh_CN for 303 Squadron: Battle of Britain: 303中队：不列顛之战
2024-11-17 00:43:59,036 - INFO - 45. Saved in database: 303 Squadron: Battle of Britain
2024-11-17 00:43:59,256 - INFO - No save locations found: Avernus
2024-11-17 00:43:59,435 - INFO - No save locations found: Awaken: Gunpowder Adventurer Day.Dream
2024-11-17 00:43:59,598 - INFO - No save locations found: Axe Prime
2024-11-17 00:44:01,067 - INFO - No save locations found: Caribbean Odyssey
2024-11-17 00:44:02,162 - INFO - No save locations found: Babel: Choice
2024-11-17 00:44:03,113 - INFO - No save locations found: A Bewitching Revolution
2024-11-17 00:44:03,813 - INFO - No save locations found: A Dream for Aaron
2024-11-17 00:44:03,967 - INFO - Found zh_CN for Bad Hotel: 酒店塔防
2024-11-17 00:44:03,974 - INFO - 46. Saved in database: Bad Hotel
2024-11-17 00:44:04,995 - INFO - No save locations found: Badland Bandits
2024-11-17 00:44:05,744 - INFO - No save locations found: Baezult 2
2024-11-17 00:44:06,577 - INFO - No save locations found: A Midsummer Night's Choice
2024-11-17 00:44:06,733 - INFO - No save locations found: A Near Dawn
2024-11-17 00:44:07,402 - INFO - No save locations found: Baezult
2024-11-17 00:44:07,565 - INFO - No save locations found: Cazzarion: Demon Hunting
2024-11-17 00:44:07,822 - INFO - No save locations found: Celestial Breach
2024-11-17 00:44:07,988 - INFO - Found zh_CN for Castlevania Anniversary Collection: 恶魔城周年收藏集
2024-11-17 00:44:07,995 - INFO - 47. Saved in database: Castlevania Anniversary Collection
2024-11-17 00:44:08,155 - INFO - No save locations found: I Am Future: Cozy Apocalypse Survival
2024-11-17 00:44:08,325 - INFO - No save locations found: Amerzone - The Explorer's Legacy (2024)
2024-11-17 00:44:08,507 - INFO - Found zh_CN for Norland: 诺兰德
2024-11-17 00:44:08,515 - INFO - 48. Saved in database: Norland
2024-11-17 00:44:08,746 - INFO - 49. Saved in database: Turbo Overkill
2024-11-17 00:44:08,900 - INFO - No save locations found: Immortal Life
2024-11-17 00:44:09,059 - INFO - No save locations found: The Lost Village
2024-11-17 00:44:09,326 - INFO - 50. Saved in database: Amerzone: The Explorer's Legacy
2024-11-17 00:44:09,541 - INFO - Found zh_CN for Phantom Breaker: Battle Grounds: 幻象破坏者：战场
2024-11-17 00:44:09,548 - INFO - 51. Saved in database: Phantom Breaker: Battle Grounds
2024-11-17 00:44:09,705 - INFO - No save locations found: Fantasian Neo Dimension
2024-11-17 00:44:09,966 - INFO - 52. Saved in database: Kingpin: Life of Crime
2024-11-17 00:44:10,240 - INFO - 53. Saved in database: Fantasian
2024-11-17 00:44:10,485 - INFO - 54. Saved in database: Tetris Forever
2024-11-17 00:44:10,677 - INFO - Found zh_CN for Half-Life 2: 半条命2
2024-11-17 00:44:10,684 - INFO - 55. Saved in database: Half-Life 2
2024-11-17 00:44:10,684 - INFO - Finding game installation folders...
2024-11-17 00:44:16,516 - INFO - Found installation folder for steam_id 1265920
2024-11-17 00:44:16,524 - INFO - Found installation folder for steam_id 1293910
2024-11-17 00:44:16,533 - INFO - Found installation folder for steam_id 603870
2024-11-17 00:44:16,542 - INFO - Found installation folder for steam_id 1544020
2024-11-17 00:44:16,551 - INFO - Found installation folder for steam_id 675170
2024-11-17 00:44:16,560 - INFO - Found installation folder for steam_id 231720
2024-11-17 00:44:16,569 - INFO - Found installation folder for steam_id 1018010
2024-11-17 00:44:16,577 - INFO - Found installation folder for steam_id 1857090
2024-11-17 00:44:16,586 - INFO - Found installation folder for steam_id 1328350
2024-11-17 00:44:16,595 - INFO - Found installation folder for steam_id 302190
2024-11-17 00:44:16,604 - INFO - Found installation folder for steam_id 329490
2024-11-17 00:44:16,613 - INFO - Found installation folder for steam_id 38430
2024-11-17 00:44:16,622 - INFO - Found installation folder for steam_id 3180240
2024-11-17 00:44:16,631 - INFO - Found installation folder for steam_id 220
2024-11-17 00:44:16,631 - INFO - Continue parameter: {'rccontinue': '20241115231607|1902858', 'continue': '-||'}
2024-11-17 00:44:17,187 - INFO - Found zh_CN for Metal Gear Solid V: Ground Zeroes: 合金装备5：原爆点
2024-11-17 00:44:17,195 - INFO - 56. Saved in database: Metal Gear Solid V: Ground Zeroes
2024-11-17 00:44:17,508 - INFO - Found zh_CN for Metal Gear Solid V: The Phantom Pain: 合金装备5：幻痛
2024-11-17 00:44:17,515 - INFO - 57. Saved in database: Metal Gear Solid V: The Phantom Pain
2024-11-17 00:44:17,950 - INFO - Found zh_CN for Limbo of the Lost: 失踪地带
2024-11-17 00:44:18,146 - INFO - 58. Saved in database: Limbo of the Lost
2024-11-17 00:44:18,421 - INFO - No save locations found: Six-Guns
2024-11-17 00:44:18,648 - INFO - No save locations found: Asphalt 7: Heat
2024-11-17 00:44:18,938 - INFO - No save locations found: Home/Search suggestions
2024-11-17 00:44:19,207 - INFO - Found zh_CN for Somerville: 萨默维尔
2024-11-17 00:44:19,215 - INFO - 59. Saved in database: Somerville
2024-11-17 00:44:19,515 - INFO - Found zh_CN for Persona 5 Tactica: 女神异闻录5：战略版
2024-11-17 00:44:19,523 - INFO - 60. Saved in database: Persona 5 Tactica
2024-11-17 00:44:19,883 - INFO - Found zh_CN for Like a Dragon Gaiden: The Man Who Erased His Name: 如龙7外传 无名之龙
2024-11-17 00:44:19,890 - INFO - 61. Saved in database: Like a Dragon Gaiden: The Man Who Erased His Name
2024-11-17 00:44:20,219 - INFO - Found zh_CN for Like a Dragon: Ishin!: 如龙：维新 极
2024-11-17 00:44:20,226 - INFO - 62. Saved in database: Like a Dragon: Ishin!
2024-11-17 00:44:20,502 - INFO - Found zh_CN for Goat Simulator: 模拟山羊
2024-11-17 00:44:20,509 - INFO - 63. Saved in database: Goat Simulator
2024-11-17 00:44:20,756 - INFO - Found zh_CN for Dungeons 4: 地下城4
2024-11-17 00:44:20,767 - INFO - 64. Saved in database: Dungeons 4
2024-11-17 00:44:21,014 - INFO - Found zh_CN for Dicey Dungeons: 骰子地下城
2024-11-17 00:44:21,022 - INFO - 65. Saved in database: Dicey Dungeons
2024-11-17 00:44:21,391 - INFO - 66. Saved in database: Postal
2024-11-17 00:44:21,680 - INFO - Found zh_CN for Frog Detective 2: The Case of the Invisible Wizard: 青蛙侦探2：隐形巫师案
2024-11-17 00:44:21,689 - INFO - 67. Saved in database: Frog Detective 2: The Case of the Invisible Wizard
2024-11-17 00:44:21,904 - INFO - No save locations found: Frog Detective 3: Corruption at Cowboy County
2024-11-17 00:44:22,114 - INFO - Found zh_CN for Inkulinati: 神笔谈兵
2024-11-17 00:44:22,122 - INFO - 68. Saved in database: Inkulinati
2024-11-17 00:44:22,384 - INFO - Found zh_CN for Unreal: 虚幻
2024-11-17 00:44:22,391 - INFO - 69. Saved in database: Unreal
2024-11-17 00:44:22,636 - INFO - Found zh_CN for Half-Life 2: Episode One: 半条命2第一部
2024-11-17 00:44:22,644 - INFO - 70. Saved in database: Half-Life 2: Episode One
2024-11-17 00:44:22,911 - INFO - Found zh_CN for Half-Life 2: Episode Two: 半条命2第二部
2024-11-17 00:44:23,466 - INFO - 71. Saved in database: Half-Life 2: Episode Two
2024-11-17 00:44:23,712 - INFO - Found zh_CN for Red Faction: 红色派系
2024-11-17 00:44:23,720 - INFO - 72. Saved in database: Red Faction
2024-11-17 00:44:24,054 - INFO - 73. Saved in database: Red Faction II
2024-11-17 00:44:24,280 - INFO - Found zh_CN for Half-Life 2: Lost Coast: 半条命2：消失的海岸线
2024-11-17 00:44:24,294 - INFO - 74. Saved in database: Half-Life 2: Lost Coast
2024-11-17 00:44:24,595 - INFO - Found zh_CN for Unreal Tournament: 虚幻竞技场2014
2024-11-17 00:44:24,603 - INFO - 75. Saved in database: Unreal Tournament
2024-11-17 00:44:25,009 - INFO - 76. Saved in database: Deadly Premonition: The Director's Cut
2024-11-17 00:44:25,177 - INFO - Path not specified from {{p|game}}: Prince of Persia: Warrior Within
2024-11-17 00:44:25,403 - INFO - 77. Saved in database: Prince of Persia: Warrior Within
2024-11-17 00:44:25,781 - INFO - 78. Saved in database: Curse Crackers: For Whom the Belle Toils
2024-11-17 00:44:26,067 - INFO - 79. Saved in database: Luanti
2024-11-17 00:44:26,237 - INFO - No save locations found: Asphalt 6: Adrenaline
2024-11-17 00:44:26,596 - INFO - Found zh_CN for Hunt: Showdown: 猎杀：对决
2024-11-17 00:44:26,614 - INFO - 80. Saved in database: Hunt: Showdown
2024-11-17 00:44:26,972 - INFO - 81. Saved in database: Clock Tower: Rewind
2024-11-17 00:44:27,144 - INFO - No save locations found: SQUARE ENIX AI Tech Preview: THE PORTOPIA SERIAL MURDER CASE
2024-11-17 00:44:27,144 - INFO - Finding game installation folders...
2024-11-17 00:44:29,698 - INFO - Found installation folder for steam_id 311340
2024-11-17 00:44:29,709 - INFO - Found installation folder for steam_id 287700
2024-11-17 00:44:29,718 - INFO - Found installation folder for steam_id 1671410
2024-11-17 00:44:29,729 - INFO - Found installation folder for steam_id 2254740
2024-11-17 00:44:29,737 - INFO - Found installation folder for steam_id 2375550
2024-11-17 00:44:29,746 - INFO - Found installation folder for steam_id 1805480
2024-11-17 00:44:29,753 - INFO - Found installation folder for steam_id 265930
2024-11-17 00:44:29,762 - INFO - Found installation folder for steam_id 1643310
2024-11-17 00:44:29,770 - INFO - Found installation folder for steam_id 861540
2024-11-17 00:44:29,778 - INFO - Found installation folder for steam_id 232770
2024-11-17 00:44:29,789 - INFO - Found installation folder for steam_id 1047220
2024-11-17 00:44:29,800 - INFO - Found installation folder for steam_id 957960
2024-11-17 00:44:29,809 - INFO - Found installation folder for steam_id 13250
2024-11-17 00:44:29,820 - INFO - Found installation folder for steam_id 380
2024-11-17 00:44:29,830 - INFO - Found installation folder for steam_id 420
2024-11-17 00:44:29,838 - INFO - Found installation folder for steam_id 20530
2024-11-17 00:44:29,847 - INFO - Found installation folder for steam_id 20550
2024-11-17 00:44:29,856 - INFO - Found installation folder for steam_id 340
2024-11-17 00:44:29,864 - INFO - Found installation folder for steam_id 13240
2024-11-17 00:44:29,873 - INFO - Found installation folder for steam_id 247660
2024-11-17 00:44:29,881 - INFO - Found installation folder for steam_id 13500
2024-11-17 00:44:29,889 - INFO - Found installation folder for steam_id 1726760
2024-11-17 00:44:29,898 - INFO - Found installation folder for steam_id 594650
2024-11-17 00:44:29,907 - INFO - Found installation folder for steam_id 2794770
2024-11-17 00:44:29,907 - INFO - Continue parameter: {'rccontinue': '20241116070609|1902912', 'continue': '-||'}
2024-11-17 00:44:30,246 - INFO - No save locations found: Fate/Hollow Ataraxia Remastered
2024-11-17 00:44:30,409 - INFO - No save locations found: ONE.
2024-11-17 00:44:30,585 - INFO - No save locations found: WHITE ALBUM: Memories like Falling Snow
2024-11-17 00:44:30,743 - INFO - No save locations found: The Hokkaido Serial Murder Case The Okhotsk Disappearance ~Memories in Ice, Tearful Figurine~
2024-11-17 00:44:30,903 - INFO - No save locations found: Since Memories: Off The Starry Sky
2024-11-17 00:44:31,047 - INFO - No save locations found: Tokyo Necro
2024-11-17 00:44:31,204 - INFO - No save locations found: DRAMAtical Murder
2024-11-17 00:44:31,364 - INFO - No save locations found: Stella of The End
2024-11-17 00:44:31,525 - INFO - No save locations found: Summer Pockets
2024-11-17 00:44:31,680 - INFO - No save locations found: Mojika: Truth Rears Its Ugly Head
2024-11-17 00:44:31,927 - INFO - 82. Saved in database: Kill the Crows
2024-11-17 00:44:32,274 - INFO - 83. Saved in database: Dragon Age: The Veilguard
2024-11-17 00:44:32,431 - INFO - No save locations found: Doom RPG
2024-11-17 00:44:32,690 - INFO - Found zh_CN for YOU and ME and HER: A Love Story: 你和她和她的恋爱
2024-11-17 00:44:32,697 - INFO - 84. Saved in database: YOU and ME and HER: A Love Story
2024-11-17 00:44:33,279 - INFO - 85. Saved in database: Full Metal Daemon Muramasa
2024-11-17 00:44:33,433 - INFO - No save locations found: Sweet Pool
2024-11-17 00:44:33,586 - INFO - No save locations found: Togainu no Chi ~Lost Blood~
2024-11-17 00:44:33,736 - INFO - No save locations found: Kamaitachi no Yoru: Rinne Saisei
2024-11-17 00:44:33,923 - INFO - Found zh_CN for Battlefield 3: 战地3
2024-11-17 00:44:33,930 - INFO - 86. Saved in database: Battlefield 3
2024-11-17 00:44:34,117 - INFO - Found zh_CN for Battlefield 4: 战地4
2024-11-17 00:44:34,124 - INFO - 87. Saved in database: Battlefield 4
2024-11-17 00:44:34,399 - INFO - 88. Saved in database: Touhou Chouseisho ~ Sapphire Panlogism
2024-11-17 00:44:34,636 - INFO - 89. Saved in database: Lada Racing Club
2024-11-17 00:44:34,876 - INFO - 90. Saved in database: Nightmare House 2
2024-11-17 00:44:35,083 - INFO - Found zh_CN for Dragon Ball: The Breakers: 七龙珠 破界斗士
2024-11-17 00:44:35,090 - INFO - 91. Saved in database: Dragon Ball: The Breakers
2024-11-17 00:44:35,349 - INFO - 92. Saved in database: Half-Life 2: Year Long Alarm
2024-11-17 00:44:35,580 - INFO - 93. Saved in database: Evacuation
2024-11-17 00:44:36,028 - INFO - No save locations found: List of games that support high-fidelity upscaling
2024-11-17 00:44:36,330 - INFO - 94. Saved in database: Tom Clancy's Splinter Cell: Conviction
2024-11-17 00:44:36,491 - INFO - No save locations found: Sociable Soccer 24
2024-11-17 00:44:36,644 - INFO - No save locations found: Sociable Soccer 25
2024-11-17 00:44:36,645 - INFO - Finding game installation folders...
2024-11-17 00:44:42,111 - INFO - Found installation folder for steam_id 2441270
2024-11-17 00:44:42,119 - INFO - Found installation folder for steam_id 1845910
2024-11-17 00:44:42,128 - INFO - Found installation folder for steam_id 1293820
2024-11-17 00:44:42,136 - INFO - Found installation folder for steam_id 1238820
2024-11-17 00:44:42,144 - INFO - Found installation folder for steam_id 1238860
2024-11-17 00:44:42,153 - INFO - Found installation folder for steam_id 2954780
2024-11-17 00:44:42,164 - INFO - Found installation folder for steam_id 1276760
2024-11-17 00:44:42,173 - INFO - Found installation folder for steam_id 747250
2024-11-17 00:44:42,181 - INFO - Found installation folder for steam_id 2224920
2024-11-17 00:44:42,181 - INFO - Continue parameter: {'rccontinue': '20241116142224|1902988', 'continue': '-||'}
2024-11-17 00:44:42,676 - INFO - 95. Saved in database: SPYxANYA: Operation Memories
2024-11-17 00:44:42,860 - INFO - Found zh_CN for Assassin's Creed Syndicate: 刺客信条 枭雄
2024-11-17 00:44:43,251 - INFO - 96. Saved in database: Assassin's Creed Syndicate
2024-11-17 00:44:43,757 - INFO - 97. Saved in database: Postal 2
2024-11-17 00:44:44,003 - INFO - Found zh_CN for Summoner: 召唤者
2024-11-17 00:44:44,010 - INFO - 98. Saved in database: Summoner
2024-11-17 00:44:44,257 - INFO - Found zh_CN for ARK: Survival Evolved: 方舟：生存进化
2024-11-17 00:44:44,265 - INFO - 99. Saved in database: ARK: Survival Evolved
2024-11-17 00:44:44,483 - INFO - Found zh_CN for Roblox: 罗布乐思
2024-11-17 00:44:44,490 - INFO - 100. Saved in database: Roblox
2024-11-17 00:44:44,754 - INFO - Found zh_CN for Gundam Breaker 4: 高达创坏者4
2024-11-17 00:44:44,761 - INFO - 101. Saved in database: Gundam Breaker 4
2024-11-17 00:44:45,018 - INFO - 102. Saved in database: Zenless Zone Zero
2024-11-17 00:44:45,231 - INFO - Found zh_CN for Darkest of Days: 暗黑之日
2024-11-17 00:44:45,239 - INFO - 103. Saved in database: Darkest of Days
2024-11-17 00:44:45,475 - INFO - Found zh_CN for Psychotoxic: 末世拯救
2024-11-17 00:44:45,481 - INFO - 104. Saved in database: Psychotoxic
2024-11-17 00:44:45,687 - INFO - Found zh_CN for RayStorm: 射线风暴
2024-11-17 00:44:45,695 - INFO - 105. Saved in database: RayStorm
2024-11-17 00:44:45,941 - INFO - Path not specified from {{p|game}}: Wolfenstein 3D
2024-11-17 00:44:46,022 - INFO - 106. Saved in database: Wolfenstein 3D
2024-11-17 00:44:46,286 - INFO - 107. Saved in database: Toontown Rewritten
2024-11-17 00:44:46,466 - INFO - No save locations found: Button Bros
2024-11-17 00:44:46,692 - INFO - No save locations found: Kud Wafter
2024-11-17 00:44:46,863 - INFO - No save locations found: Potion Tycoon
2024-11-17 00:44:47,086 - INFO - Found zh_CN for Mafia: Definitive Edition: 四海兄弟：最终版
2024-11-17 00:44:47,093 - INFO - 108. Saved in database: Mafia: Definitive Edition
2024-11-17 00:44:47,270 - INFO - No save locations found: Destroyer: The U-Boat Hunter
2024-11-17 00:44:47,527 - INFO - Found zh_CN for Wildcat Gun Machine: 暴走枪姬
2024-11-17 00:44:47,534 - INFO - 109. Saved in database: Wildcat Gun Machine
2024-11-17 00:44:47,534 - INFO - Finding game installation folders...
2024-11-17 00:44:49,710 - INFO - Found installation folder for steam_id 2170370
2024-11-17 00:44:49,719 - INFO - Found installation folder for steam_id 368500
2024-11-17 00:44:49,728 - INFO - Found installation folder for steam_id 223470
2024-11-17 00:44:49,737 - INFO - Found installation folder for steam_id 275570
2024-11-17 00:44:49,745 - INFO - Found installation folder for steam_id 346110
2024-11-17 00:44:49,754 - INFO - Found installation folder for steam_id 1672500
2024-11-17 00:44:49,762 - INFO - Found installation folder for steam_id 37700
2024-11-17 00:44:49,770 - INFO - Found installation folder for steam_id 2270
2024-11-17 00:44:49,778 - INFO - Found installation folder for steam_id 1030840
2024-11-17 00:44:49,787 - INFO - Found installation folder for steam_id 1288610
2024-11-17 00:44:49,787 - INFO - Continue parameter: {'rccontinue': '20241116220338|1903044', 'continue': '-||'}
2024-11-17 00:44:50,089 - INFO - No save locations found: Holy Potatoes! What the Hell?!
2024-11-17 00:44:50,372 - INFO - 110. Saved in database: Holy Potatoes! A Spy Story?!
2024-11-17 00:44:50,583 - INFO - Found zh_CN for Intruders: Hide and Seek: 侵入者：捉迷藏
2024-11-17 00:44:50,589 - INFO - 111. Saved in database: Intruders: Hide and Seek
2024-11-17 00:44:50,872 - INFO - 112. Saved in database: Sonic Adventure DX (2011)
2024-11-17 00:44:51,107 - INFO - Found zh_CN for Space Channel 5: Part 2: 太空频道5：第二章
2024-11-17 00:44:51,113 - INFO - 113. Saved in database: Space Channel 5: Part 2
2024-11-17 00:44:51,266 - INFO - No save locations found: Sega Bass Fishing
2024-11-17 00:44:51,519 - INFO - 114. Saved in database: Crazy Taxi (2011)
2024-11-17 00:44:51,790 - INFO - 115. Saved in database: Bloodwings: Pumpkinhead's Revenge
2024-11-17 00:44:52,101 - INFO - 116. Saved in database: Slitterhead
2024-11-17 00:44:52,270 - INFO - No save locations found: Jeopardy! 2nd Edition
2024-11-17 00:44:52,425 - INFO - No save locations found: Jeopardy! (1998)
2024-11-17 00:44:52,682 - INFO - Found zh_CN for Transformers: Fall of Cybertron: 变形金刚：赛博坦陨落
2024-11-17 00:44:52,689 - INFO - 117. Saved in database: Transformers: Fall of Cybertron
2024-11-17 00:44:52,922 - INFO - Found zh_CN for Syberia: The World Before: 塞伯利亚之谜：世界之前
2024-11-17 00:44:53,444 - INFO - 118. Saved in database: Syberia: The World Before
2024-11-17 00:44:53,716 - INFO - 119. Saved in database: Airborne Troops: Countdown to D-Day
2024-11-17 00:44:53,861 - INFO - No save locations found: The Rise of the Golden Idol
2024-11-17 00:44:54,143 - INFO - Found zh_CN for Far Cry 3: 孤岛惊魂3
2024-11-17 00:44:54,150 - INFO - 120. Saved in database: Far Cry 3
2024-11-17 00:44:54,150 - INFO - Finding game installation folders...
2024-11-17 00:44:56,340 - INFO - Found installation folder for steam_id 830590
2024-11-17 00:44:56,349 - INFO - Found installation folder for steam_id 1045840
2024-11-17 00:44:56,358 - INFO - Found installation folder for steam_id 71250
2024-11-17 00:44:56,368 - INFO - Found installation folder for steam_id 71230
2024-11-17 00:44:56,377 - INFO - Found installation folder for steam_id 2631250
2024-11-17 00:44:56,386 - INFO - Found installation folder for steam_id 213120
2024-11-17 00:44:56,396 - INFO - Found installation folder for steam_id 1410640
2024-11-17 00:44:56,404 - INFO - Found installation folder for steam_id 220240
2024-11-17 00:44:56,405 - INFO - All recent changes fetched!
